2025-10-02 14:38:01 [@2e76ea88fb4a]
External #1: Launch DomainsAlert
2025-10-02 14:38:01 [@2e76ea88fb4a]
External #2: Launch pendingreason_autobump_autosolve
2025-10-02 14:38:01 [@2e76ea88fb4a]
External #3: Launch createinquest
2025-10-02 14:38:01 [@2e76ea88fb4a]
External #4: Launch queuedwebhook
2025-10-02 14:38:01 [@2e76ea88fb4a]
External #5: Launch purgedraftforms
2025-10-02 14:38:53 [@2e76ea88fb4a]
Interne #1 : Démarrage contract
2025-10-02 14:39:02 [@2e76ea88fb4a]
External #1: Launch queuedwebhook
2025-10-02 14:39:34 [@2e76ea88fb4a]
Interne #1 : Démarrage infocom
2025-10-02 14:40:01 [@2e76ea88fb4a]
External #1: Launch queuedwebhook
2025-10-02 14:41:02 [@2e76ea88fb4a]
External #1: Launch queuedwebhook
2025-10-02 14:42:02 [@2e76ea88fb4a]
External #1: Launch queuedwebhook
2025-10-02 14:43:01 [@2e76ea88fb4a]
External #1: Launch queuedwebhook
2025-10-02 14:44:04 [@2e76ea88fb4a]
External #1: Launch queuedwebhook
